[WP STAGING Manual Logging][info][2023-02-08 13:19:07] Starting from a clean state...
[WP STAGING Manual Logging][info][2023-02-08 13:19:07] Sending request to: https://queenbox.vn/wp-admin/admin-ajax.php?action=wpstg_ajax_test_action&_ajax_nonce=a7c6e9428f
[WP STAGING Manual Logging][info][2023-02-08 13:19:07] Running updateAjaxTestOption
[WP STAGING Manual Logging][info][2023-02-08 13:19:07] Complete updateAjaxTestOption. New value: y
[WP STAGING Manual Logging][info][2023-02-08 13:19:07] {"headers":[],"body":"","response":{"code":false,"message":false},"cookies":[],"http_response":null}
[WP STAGING Manual Logging][info][2023-02-08 13:19:07] runAjaxFeatureTest waited 0.0 seconds...
[WP STAGING Manual Logging][info][2023-02-08 13:19:08] Fetched is equal to: y
[WP STAGING Manual Logging][info][2023-02-08 13:19:08] Fetched is equal to (get_option): y
[WP STAGING Manual Logging][info][2023-02-08 13:19:08] runAjaxFeatureTest worked
[WP STAGING Manual Logging][info][2023-02-08 13:19:08] Running Queue Maintenance.
[WP STAGING Manual Logging][info][2023-02-08 13:19:08] Removed 0 actions that were last updated before 2023-02-01 06:19:08.
[WP STAGING Manual Logging][info][2023-02-09 13:19:25] Running Queue Maintenance.
[WP STAGING Manual Logging][info][2023-02-09 13:19:25] Removed 0 actions that were last updated before 2023-02-02 06:19:25.
[WP STAGING Manual Logging][info][2023-02-10 13:19:51] Running Queue Maintenance.
[WP STAGING Manual Logging][info][2023-02-10 13:19:51] Removed 0 actions that were last updated before 2023-02-03 06:19:51.
[WP STAGING Manual Logging][info][2023-02-11 13:19:31] Running Queue Maintenance.
[WP STAGING Manual Logging][info][2023-02-11 13:19:31] Removed 0 actions that were last updated before 2023-02-04 06:19:31.
[WP STAGING Manual Logging][info][2023-02-12 13:20:28] Running Queue Maintenance.
[WP STAGING Manual Logging][info][2023-02-12 13:20:28] Removed 0 actions that were last updated before 2023-02-05 06:20:28.
[WP STAGING Manual Logging][info][2023-02-13 13:20:25] Running Queue Maintenance.
[WP STAGING Manual Logging][info][2023-02-13 13:20:25] Removed 0 actions that were last updated before 2023-02-06 06:20:25.
[WP STAGING Manual Logging][info][2023-02-14 13:19:07] Running Queue Maintenance.
[WP STAGING Manual Logging][info][2023-02-14 13:19:07] Removed 0 actions that were last updated before 2023-02-07 06:19:07.
[WP STAGING Manual Logging][info][2023-02-15 13:19:14] Starting from a clean state...
[WP STAGING Manual Logging][info][2023-02-15 13:19:14] Sending request to: https://queenbox.vn/wp-admin/admin-ajax.php?action=wpstg_ajax_test_action&_ajax_nonce=62c0937c95
[WP STAGING Manual Logging][info][2023-02-15 13:19:14] Running updateAjaxTestOption
[WP STAGING Manual Logging][info][2023-02-15 13:19:14] Complete updateAjaxTestOption. New value: y
[WP STAGING Manual Logging][info][2023-02-15 13:19:14] {"headers":[],"body":"","response":{"code":false,"message":false},"cookies":[],"http_response":null}
[WP STAGING Manual Logging][info][2023-02-15 13:19:14] runAjaxFeatureTest waited 0.0 seconds...
[WP STAGING Manual Logging][info][2023-02-15 13:19:14] Fetched is equal to: y
[WP STAGING Manual Logging][info][2023-02-15 13:19:14] Fetched is equal to (get_option): y
[WP STAGING Manual Logging][info][2023-02-15 13:19:14] runAjaxFeatureTest worked
[WP STAGING Manual Logging][info][2023-02-15 13:19:14] Running Queue Maintenance.
[WP STAGING Manual Logging][info][2023-02-15 13:19:14] Removed 0 actions that were last updated before 2023-02-08 06:19:14.
